<?xml version="1.0" encoding="UTF-8"?>
<!-- Generated by org.testng.reporters.JUnitXMLReporter -->
<testsuite hostname="LAP-TZD-1x74463" ignored="0" name="Default test" tests="5" failures="0" timestamp="01 Apr 2020 12:56:49 GMT" time="127.871" errors="0">
  <testcase name="errClub" time="3.41" classname="pasTests.ManagePromoCodeValidation"/>
  <testcase name="errDiscountRate" time="3.134" classname="pasTests.ManagePromoCodeValidation"/>
  <testcase name="errEffectiveDate" time="3.129" classname="pasTests.ManagePromoCodeValidation"/>
  <testcase name="errPromoCode" time="3.11" classname="pasTests.ManagePromoCodeValidation"/>
  <testcase name="errPromoDescription" time="3.096" classname="pasTests.ManagePromoCodeValidation"/>
</testsuite> <!-- Default test -->
