<?xml version="1.0" encoding="UTF-8"?>
<!-- Generated by org.testng.reporters.JUnitXMLReporter -->
<testsuite hostname="LAP-TZD-1x74463" ignored="2" name="PAS" tests="7" failures="0" timestamp="31 Mar 2020 18:12:45 GMT" time="378.888" errors="0">
  <testcase name="tc1" time="0.285" classname="pasTests.VerifyLinks"/>
  <testcase name="tc2" time="13.528" classname="pasTests.VerifyLinks"/>
  <testcase name="tc3" time="13.616" classname="pasTests.VerifyLinks"/>
  <testcase name="tc1" time="4.77" classname="pasTests.LoginPageValidation"/>
  <testcase name="tc2" time="9.094" classname="pasTests.LoginPageValidation"/>
  <testcase name="tc3" time="5.06" classname="pasTests.LoginPageValidation"/>
  <testcase name="tc4" time="34.061" classname="pasTests.LoginPageValidation"/>
  <testcase name="@AfterSuite quit" time="0.0" classname="pasTests.BaseClass">
    <ignored/>
  </testcase> <!-- @AfterSuite quit -->
  <testcase name="@BeforeSuite setUpSuite" time="0.0" classname="pasTests.BaseClass">
    <ignored/>
  </testcase> <!-- @BeforeSuite setUpSuite -->
</testsuite> <!-- PAS -->
